<?xml version="1.0" encoding="UTF-8"?>
<!-- Generated by org.testng.reporters.JUnitReportReporter -->
<testsuite hostname="DESKTOP-L9JMAV8" failures="0" tests="3" name="Mytests" time="5.649" errors="0" timestamp="2023-01-07T17:24:07 AST" skipped="0">
  <testcase classname="Mytests" name="login_as_maneger" time="0.057"/>
  <system-out/>
  <testcase classname="Mytests" name="login_as_customer" time="0.636"/>
  <system-out/>
  <testcase classname="Mytests" name="add_customer" time="4.956"/>
  <system-out/>
</testsuite> <!-- Mytests -->
